Simulation	SoftwareName	JaamSim	-					
Simulation	SoftwareVersion	2022-07	-					
Simulation	ConfigurationFile	C:\Users\dtvut\OneDrive\Desktop\NHH - Course\2nd semester\Project 2\Simulation models\Final\Scenario 9\Sim09 - 30 days - 1 rep - betadist.cfg	-					
Simulation	ScenarioNumber	1	-					
Simulation	ScenarioIndex	{ 1 }	-					
Simulation	ReplicationNumber	1	-					
Simulation	RunNumber	1	-					
Simulation	RunIndex	{ 1 }	-					
Simulation	PresentTimeAndDate	4/20/2023 17:24	-					
Simulation	InitializationDuration	0	min					
Simulation	RunDuration	43200	min					
Simulation	PresentSimulationTime	0	min					
								
this.SimTime/1[min]	this.obj	"this.obj.StateTimes(""waiting"")/1[min]"	"this.obj.StateTimes(""walking"")/1[min]"	"this.obj.StateTimes(""serving"")/1[min]"	this.obj.TotalTime/1[min]	this.obj.serve/1[min]	this.obj.walk/1[min]	this.obj.type
524.7610559	B2_morning_1	0	10.00381817	4.757237717	14.76105588	4.757237718	5.001909081	b226
531.7595509	B2_morning_2	2.647928067	14.22243747	4.889185383	21.75955092	4.889185388	7.111218731	b213
537.5485908	B2_morning_3	7.3284204	14.63982357	5.580346817	27.54859078	5.580346809	7.319911783	b24
728.4452949	B2_noon_1	0	2.4018453	6.043449633	8.445294933	6.04344964	1.200922655	b228
738.1129177	B2_noon_5	4.304206933	5.8803307	7.928380017	18.11291765	7.928380019	2.940165343	b22
743.679838	B2_noon_4	11.97378995	6.3979247	5.308123367	23.67983802	5.308123367	3.198962342	b27
748.147367	B2_noon_7	17.0684692	6.824812933	4.2540849	28.14736703	4.254084903	3.412406469	b223
756.739754	B2_noon_2	20.72660503	8.016711067	7.9964379	36.739754	7.996437893	4.008355527	b28
771.9492634	B2_noon_8	27.03357372	11.3956495	13.52004015	51.94926337	13.52004015	5.697824747	b23
779.8837385	B2_noon_10	40.53794075	11.42699573	7.918802033	59.88373852	7.918802027	5.713497873	b227
913.0853791	B2_afternoon_1	0	7.5886325	5.4967466	13.0853791	5.496746601	3.794316243	b210
922.5600267	B2_afternoon_3	4.0938898	10.3943461	8.071790817	22.56002672	8.071790824	5.197173045	b218
1969.117995	B2_morning_5	0	8.5054919	10.61250297	19.11799487	10.61250296	4.252745944	b28
1979.952359	B2_morning_7	7.794315467	14.1418669	8.01617685	29.95235922	8.016176858	7.070933447	b211
2174.159368	B2_noon_11	0	3.251635767	10.90773217	14.15936793	10.90773216	1.625817882	b217
2179.996906	B2_noon_13	9.71813445	5.6308312	4.647940783	19.99690643	4.647940777	2.815415592	b227
2187.749489	B2_noon_14	13.64137677	7.080228133	7.027883617	27.74948852	7.027883619	3.540114072	b22
2193.452137	B2_noon_16	20.36383858	7.691071733	5.397226683	33.452137	5.397226691	3.845535869	b24
2203.896706	B2_noon_12	24.27129967	10.67060293	8.95480365	43.89670625	8.954803648	5.335301471	b27
2214.772376	B2_noon_17	32.18296548	12.7568786	9.832531817	54.7723759	9.832531816	6.378439308	b223
2352.532274	B2_afternoon_4	0	6.510472733	6.021801333	12.53227407	6.021801332	3.255236365	b226
2359.661303	B2_afternoon_5	3.91695015	10.7201751	5.024177583	19.66130283	5.02417759	5.360087544	b225
2366.130766	B2_afternoon_6	8.465844467	11.67074163	5.9941796	26.1307657	5.994179597	5.835370819	b215
3402.467355	B2_morning_8	0	4.0161106	8.4512449	12.4673555	8.451244897	2.008055294	b225
3412.067024	B2_morning_11	3.372401133	14.17379813	4.52082485	22.06702412	4.520824846	7.086899059	b28
3418.274581	B2_morning_9	7.1170085	15.7262331	5.431339017	28.27458062	5.431339017	7.863116543	b211
3618.992918	B2_noon_22	0	6.4384558	12.55446242	18.99291822	12.55446242	3.219227901	b25
3626.72466	B2_noon_23	11.8957671	7.755846433	7.07304615	26.72465968	7.073046158	3.877923214	b26
3637.721355	B2_noon_24	18.01250063	9.668471667	10.0403826	37.7213549	10.0403826	4.834235839	b224
3646.335293	B2_noon_19	25.69701888	14.38020037	6.258073417	46.33529267	6.258073411	7.19010018	b223
3656.698814	B2_noon_20	30.98767547	16.31503403	9.39610465	56.69881415	9.396104644	8.157517014	b213
3795.449442	B2_afternoon_8	0	8.307658733	7.141783433	15.44944217	7.141783429	4.153829368	b215
3802.566303	B2_afternoon_7	6.75090825	9.0894091	6.725985583	22.56630293	6.725985591	4.544704554	b227
3809.965124	B2_afternoon_9	12.40531082	11.23257513	6.32723815	29.9651241	6.327238154	5.616287573	b219
4844.847331	B2_morning_14	0	6.5158672	8.331463917	14.84733112	8.331463918	3.257933605	b224
4852.768102	B2_morning_13	6.273497033	10.63180097	5.862803833	22.76810183	5.862803831	5.315900481	b214
5057.83991	B2_noon_29	0	8.8484765	8.9914331	17.8399096	8.991433099	4.424238244	b21
5071.724213	B2_noon_34	7.862074933	11.10719283	12.75494475	31.72421252	12.75494476	5.553596421	b211
5075.824866	B2_noon_31	20.38108285	11.5790665	3.8647162	35.82486555	3.864716204	5.789533257	b28
5080.950256	B2_noon_28	24.18585677	11.69895107	5.06544845	40.95025628	5.065448454	5.849475538	b225
5088.136942	B2_noon_32	28.54184877	13.11786397	6.477228817	48.13694155	6.477228821	6.558931989	b24
5095.665627	B2_noon_33	34.7790308	13.59795753	7.28863895	55.66562728	7.288638949	6.79897877	b221
5234.662565	B2_afternoon_12	0	9.3115275	5.35103735	14.66256485	5.35103735	4.65576375	b26
5242.314387	B2_afternoon_11	3.687252033	12.63909813	5.98803685	22.31438702	5.988036849	6.319549067	b213
6287.32659	B2_morning_17	0	11.74122217	5.585367617	17.32658978	5.585367619	5.870611085	b227
6295.081695	B2_morning_15	2.580717067	17.75052327	4.750454517	25.08169485	4.750454511	8.875261634	b219
6491.807371	B2_noon_35	0	1.022993033	10.78437817	11.8073712	10.78437817	0.511496512	b228
6498.453862	B2_noon_42	8.818890483	4.9539684	4.681003017	18.4538619	4.681003018	2.476984206	b212
6506.19307	B2_noon_36	13.02550873	5.902737933	7.2648233	26.19306997	7.2648233	2.951368962	b26
6512.388529	B2_noon_44	19.61008165	7.2632387	5.515208367	32.38852872	5.51520836	3.63161935	b211
6517.835453	B2_noon_37	23.37743187	10.758955	3.699066483	37.83545335	3.699066475	5.379477493	b221
6525.458609	B2_noon_39	26.63828912	11.63537347	7.1849462	45.45860878	7.184946197	5.817686741	b29
6529.827216	B2_noon_43	33.69273635	11.8963714	4.2381081	49.82721585	4.238108095	5.948185705	b215
6534.616457	B2_noon_38	37.42067365	12.916713	4.27907075	54.6164574	4.27907075	6.458356495	b226
6677.437225	B2_afternoon_13	0	9.844645333	7.5925794	17.43722473	7.592579406	4.922322669	b24
6682.435921	B2_afternoon_14	6.858431767	11.3129406	4.264548517	22.43592088	4.26454852	5.656470297	b21
6688.494802	B2_afternoon_15	9.32024595	14.91840927	4.256146567	28.49480178	4.256146571	7.459204629	b214
7719.066507	B2_morning_18	0	3.4282701	5.6382373	9.0665074	5.638237297	1.714135045	b24
7928.287034	B2_noon_45	0	1.507106867	6.779927133	8.287034	6.779927141	0.753553441	b220
7935.588204	B2_noon_48	6.332231583	2.402497967	6.85347405	15.5882036	6.853474045	1.201248976	b227
7941.6465	B2_noon_51	10.88169597	7.0105173	3.754286617	21.64649988	3.754286618	3.505258655	b215
7947.079099	B2_noon_47	13.1283585	10.02576547	3.924974833	27.0790988	3.924974832	5.012882736	b218
7951.262103	B2_noon_46	16.96091008	10.21061197	4.090580467	31.26210252	4.090580474	5.105305987	b214
7961.263641	B2_noon_49	19.23911598	13.8353611	8.189164167	41.26364125	8.189164174	6.917680543	b26
7968.274924	B2_noon_50	26.78804548	15.11583043	6.37104825	48.27492417	6.371048256	7.557915218	b28
8115.044625	B2_afternoon_18	0	4.506405367	10.53821952	15.04462488	10.53821952	2.25320268	b228
8129.075779	B2_afternoon_17	9.0712448	7.4403548	12.56417908	29.07577868	12.56417908	3.720177399	b27
9162.163892	B2_morning_21	0	6.259535467	5.904356967	12.16389243	5.904356969	3.129767739	b219
9170.341455	B2_morning_20	2.74296575	12.5823179	5.0161716	20.34145525	5.016171599	6.291158945	b21
9368.760428	B2_noon_58	0	2.1129034	6.647525	8.7604284	6.647525004	1.0564517	b22
9375.453427	B2_noon_53	5.282417917	4.843117567	5.32789155	15.45342703	5.327891551	2.421558777	b226
9382.214344	B2_noon_52	10.01106647	6.041603567	6.1616744	22.21434443	6.161674399	3.02080179	b228
9386.330336	B2_noon_56	15.6121488	7.1627877	3.555399317	26.33033582	3.555399313	3.581393842	b213
9396.360848	B2_noon_54	18.95217368	7.593536567	9.815137317	36.36084757	9.815137317	3.796768289	b29
9406.639307	B2_noon_55	26.06529678	12.997565	7.576444717	46.6393065	7.576444709	6.498782503	b225
9412.933848	B2_noon_57	32.78256573	14.71591653	5.435365617	52.93384788	5.43536562	7.357958266	b219
9552.181901	B2_afternoon_20	0	4.5623776	7.6195238	12.1819014	7.619523799	2.281188805	b214
9558.635973	B2_afternoon_19	5.156184483	9.489056233	3.990732117	18.63597283	3.990732112	4.74452811	b211
10604.38887	B2_morning_22	0	8.6646316	5.724234083	14.38886568	5.724234078	4.332315796	b211
10612.6519	B2_morning_23	1.434375717	17.24434833	3.973171683	22.65189573	3.973171683	8.622174161	b22
10807.11848	B2_noon_60	0	1.101957833	6.016518233	7.118476067	6.016518236	0.550978918	b25
10817.74553	B2_noon_67	3.525919317	6.083155667	8.13645205	17.74552703	8.136452047	3.041577831	b27
10823.42328	B2_noon_65	11.44466873	6.518560933	5.460050283	23.42327995	5.460050284	3.259280474	b28
10831.56221	B2_noon_68	16.76409605	6.799806867	7.998302367	31.56220528	7.99830237	3.399903441	b220
10840.17837	B2_noon_61	22.63839617	11.04781137	6.4921655	40.17837303	6.492165508	5.523905688	b29
10847.74179	B2_noon_63	29.09504587	11.11884297	7.527896483	47.74178532	7.52789649	5.559421478	b226
10853.14017	B2_noon_66	36.07642102	12.21188563	4.851864817	53.14017147	4.85186482	6.105942815	b212
10856.71316	B2_noon_62	40.45921603	13.15002523	3.1039214	56.71316267	3.103921395	6.575012612	b215
10995.20817	B2_afternoon_22	0	6.298182267	8.909988183	15.20817045	8.909988187	3.149091141	b218
11003.62308	B2_afternoon_23	8.755774683	6.606609267	8.260692033	23.62307598	8.260692039	3.30330463	b221
12044.32916	B2_morning_25	0	4.781529333	9.547634183	14.32916352	9.547634184	2.390764674	b27
12053.03692	B2_morning_24	6.641628833	10.59354003	5.801754633	23.0369235	5.801754636	5.296770013	b212
12247.07902	B2_noon_73	0	2.381925767	4.697098167	7.079023933	4.697098167	1.190962879	b228
12256.9974	B2_noon_75	2.9472877	5.8815467	8.16856235	16.99739675	8.168562346	2.940773356	b24
12263.7338	B2_noon_70	10.49823853	7.116769733	6.118788983	23.73379725	6.118788977	3.558384863	b221
12272.10392	B2_noon_69	16.30024872	7.750327333	8.053344583	32.10392063	8.053344584	3.87516366	b226
12281.00116	B2_noon_72	24.33917	7.779173933	8.88281625	41.00116018	8.882816256	3.889586974	b28
12293.74269	B2_noon_74	32.48802178	9.247102867	12.00756095	53.7426856	12.00756095	4.62355143	b227
12298.20197	B2_noon_76	44.34211858	9.554031167	4.30582505	58.2019748	4.305825056	4.777015586	b219
12435.90814	B2_afternoon_25	0	5.856959867	10.05117988	15.90813975	10.05117988	2.928479937	b224
12442.74745	B2_afternoon_24	9.613131167	6.7330573	6.401261333	22.7474498	6.401261337	3.366528644	b215
13482.53026	B2_morning_27	0	5.1225278	7.40773225	12.53026005	7.407732253	2.561263904	b29
13495.74306	B2_morning_26	3.0999946	13.7380031	8.905063317	25.74306102	8.905063321	6.869001555	b224
13691.08649	B2_noon_82	0	4.7509587	6.335533683	11.08649238	6.335533677	2.375479353	b28
13701.24732	B2_noon_84	4.792089	7.837848067	8.617383283	21.24732035	8.617383284	3.918924031	b228
13708.49032	B2_noon_85	13.33018808	7.996416467	7.163712683	28.49031723	7.163712685	3.998208228	b223
13715.50159	B2_noon_79	20.06186213	8.860493733	6.57923035	35.50158622	6.579230353	4.430246867	b24
13722.50771	B2_noon_83	25.45778005	11.2271186	5.822809233	42.50770788	5.822809241	5.613559296	b225
13728.67321	B2_noon_78	30.013531	13.76123517	4.898447517	48.67321368	4.898447514	6.880617586	b25
13734.22456	B2_noon_80	33.23559342	17.11400537	3.874965467	54.22456425	3.874965468	8.55700269	b213
13873.14412	B2_afternoon_28	0	7.771565567	5.372555667	13.14412123	5.372555673	3.885782788	b215
13881.89104	B2_afternoon_27	0.82693025	16.8628164	4.201291233	21.89103788	4.201291228	8.431408204	b221
14924.24602	B2_morning_28	0	6.774351033	7.47166585	14.24601688	7.471665856	3.387175517	b211
14935.09927	B2_morning_29	5.014819567	11.6880436	8.396411817	25.09927498	8.39641182	5.844021797	b29
15126.31021	B2_noon_92	0	2.452505267	3.857702	6.310207267	3.857702001	1.226252626	b228
15132.98047	B2_noon_91	3.370911867	3.426085533	6.183473717	12.98047112	6.183473723	1.713042773	b25
15137.42116	B2_noon_89	9.180366333	4.174124033	4.066673017	17.42116338	4.066673014	2.087062023	b213
15146.0565	B2_noon_86	12.53418667	5.5998294	7.922480367	26.05649643	7.92248037	2.799914705	b215
15152.05739	B2_noon_88	20.162633	6.187897467	5.706860917	32.05739138	5.706860909	3.093948726	b225
15159.35338	B2_noon_90	24.65821443	8.610456433	6.08470455	39.35337542	6.084704543	4.305228223	b227
15175.74981	B2_noon_87	27.36395042	15.36839357	13.01746823	55.74981222	13.01746823	7.684196781	b223
15320.57287	B2_afternoon_29	0	11.9357831	8.637090317	20.57287342	8.637090324	5.967891551	b219
16366.9282	B2_morning_30	0	8.1132569	8.814939617	16.92819652	8.81493962	4.056628448	b225
16375.50019	B2_morning_31	6.90921455	11.92470703	6.666268767	25.50019035	6.666268764	5.962353522	b223
16572.06103	B2_noon_99	0	4.071150533	7.989883883	12.06103442	7.989883879	2.035575266	b212
16580.29379	B2_noon_97	7.809264517	4.432389267	8.05214025	20.29379403	8.052140251	2.216194637	b25
16591.0769	B2_noon_94	15.21715657	5.720885667	10.13885557	31.0768978	10.13885556	2.860442828	b24
16599.20263	B2_noon_95	23.57880815	9.275293633	6.34852415	39.20262593	6.348524142	4.63764682	b211
16608.92931	B2_noon_98	27.89175442	13.3464494	7.691101567	48.92930538	7.691101569	6.673224704	b219
16614.20169	B2_noon_93	35.49176677	13.52862783	5.181296517	54.20169112	5.181296524	6.764313917	b227
16755.56812	B2_afternoon_32	0	9.454020967	6.114099467	15.56812043	6.114099465	4.72701048	b221
16765.3486	B2_afternoon_31	2.625271133	16.43167763	6.29164725	25.34859602	6.291647249	8.215838825	b29
17806.90292	B2_morning_34	0	9.7529178	7.14999835	16.90291615	7.149998353	4.876458894	b221
18007.12121	B2_noon_103	0	3.668729133	3.4524804	7.121209533	3.452480396	1.834364573	b212
18014.05987	B2_noon_104	0.12515025	10.32338943	3.611330167	14.05986985	3.61133017	5.161694725	b223
18020.20011	B2_noon_100	3.176826133	11.442698	5.580588117	20.20011225	5.580588108	5.721349001	b211
18032.2366	B2_noon_105	7.7998959	13.3577347	11.07896498	32.23659558	11.07896499	6.678867351	b219
18039.3751	B2_noon_101	17.27501843	16.5654196	5.5346619	39.37509993	5.534661895	8.282709799	b25
18044.00011	B2_noon_102	21.5338768	19.11702667	3.349206833	44.0001103	3.34920683	9.558513341	b29
18193.01644	B2_afternoon_34	0	4.953987967	8.062451683	13.01643965	8.062451683	2.476993984	b225
18198.84731	B2_afternoon_33	5.7935898	9.491711733	3.562004017	18.84730555	3.562004021	4.745855866	b215
19240.91913	B2_morning_36	0	3.825012767	7.09411495	10.91912772	7.09411495	1.912506382	b211
19247.93684	B2_morning_35	4.5511588	8.910925067	4.474753183	17.93683705	4.474753181	4.455462527	b223
19445.91789	B2_noon_108	0	1.490826667	4.4270651	5.917891767	4.4270651	0.745413326	b228
19454.33452	B2_noon_111	1.981239633	6.3824776	5.970807467	14.3345247	5.970807468	3.191238806	b221
19464.92864	B2_noon_106	5.787225433	10.71212093	8.429289667	24.92863603	8.42928967	5.356060459	b213
19479.63518	B2_noon_112	13.23422658	12.67669797	13.72425535	39.6351799	13.72425535	6.338348983	b29
19485.13069	B2_noon_110	26.85063697	12.8923879	5.387662083	45.13068695	5.387662089	6.446193944	b27
19494.46724	B2_noon_109	30.90838493	15.55221613	8.006638433	54.4672395	8.006638435	7.776108072	b25
19645.7931	B2_afternoon_35	0	14.0062308	11.78687398	25.79310478	11.78687398	7.003115407	b226
20678.52259	B2_morning_37	0	3.952943733	4.569649	8.522592733	4.569649002	1.976471863	b213
20689.42941	B2_morning_38	0.144404267	12.8034332	6.481569317	19.42940678	6.481569314	6.401716596	b215
20887.61906	B2_noon_116	0	2.200225567	5.418837833	7.6190634	5.41883784	1.100112783	b28
20896.04406	B2_noon_114	4.057993967	4.9219133	7.064154683	16.04406195	7.064154682	2.460956649	b212
20904.91764	B2_noon_117	6.932795717	13.30061917	4.68422565	24.91764053	4.684225651	6.650309575	b225
20912.31078	B2_noon_113	10.96058288	14.61349613	6.736703367	32.31078238	6.736703362	7.306748067	b228
20920.12262	B2_noon_115	17.27474412	15.4585804	7.389295133	40.12261965	7.389295139	7.729290198	b226
21078.23806	B2_afternoon_38	0	9.580846667	8.6572087	18.23805537	8.657208696	4.79042334	b227
21087.23222	B2_afternoon_37	5.175549	16.54416607	5.512509367	27.23222443	5.512509366	8.27208303	b27
22127.76147	B2_morning_39	0	10.2243311	7.537136333	17.76146743	7.537136332	5.112165547	b28
22134.33638	B2_morning_40	5.460239667	14.37812443	4.4980182	24.3363823	4.498018195	7.189062221	b215
22332.06254	B2_noon_120	0	4.349235333	7.713303217	12.06253855	7.713303224	2.174617662	b227
22343.64224	B2_noon_121	6.123395283	7.5290512	9.989790367	23.64223685	9.989790361	3.7645256	b213
22351.25975	B2_noon_118	15.5982462	8.5589301	7.102576683	31.25975298	7.102576684	4.279465052	b226
22359.81469	B2_noon_123	21.4408595	11.07885687	7.294973367	39.81468973	7.294973373	5.539428433	b224
22365.34384	B2_noon_124	27.76329715	13.0239283	4.556618767	45.34384422	4.556618774	6.511964149	b228
22372.77272	B2_noon_122	30.72454478	16.21467057	5.833501533	52.77271688	5.833501537	8.107335289	b29
22507.02233	B2_afternoon_39	0	1.4221524	5.60017495	7.02232735	5.600174946	0.711076208	b212
22515.71736	B2_afternoon_40	2.938273267	6.745955767	6.03313275	15.71736178	6.033132742	3.37297788	b25
23573.30298	B2_morning_42	0	12.75675673	10.54622535	23.30298208	10.54622535	6.378378358	b25
23775.11321	B2_noon_128	0	9.3508307	5.7623785	15.1132092	5.762378494	4.675415358	b27
23783.0673	B2_noon_125	4.2170037	12.4415803	6.4087136	23.0672976	6.408713592	6.220790147	b219
23790.6576	B2_noon_127	10.4957558	12.7015033	7.460339017	30.65759812	7.460339022	6.350751643	b224
23798.36527	B2_noon_129	17.07868458	14.45632377	6.830265067	38.36527342	6.830265061	7.228161882	b29
23806.38485	B2_noon_126	21.19824587	19.87773133	5.308875367	46.38485257	5.308875365	9.938865671	b228
23950.01209	B2_afternoon_42	0	5.424271467	4.58781625	10.01208772	4.587816243	2.712135735	b221
23958.85289	B2_afternoon_41	2.861658383	8.8765872	7.114647267	18.85289285	7.114647266	4.4382936	b211
25010.34736	B2_morning_44	0	11.88228503	8.4650713	20.34735633	8.465071307	5.941142523	b227
25017.98976	B2_morning_43	4.754403133	19.30362137	3.931738967	27.98976347	3.931738962	9.651810686	b213
25213.09602	B2_noon_131	0	2.494693	10.60132675	13.09601975	10.60132676	1.247346507	b226
25224.08763	B2_noon_130	6.940411417	9.816523667	7.33069945	24.08763453	7.330699457	4.908261833	b223
25229.13934	B2_noon_133	13.31899773	11.72074993	4.099594717	29.13934238	4.099594719	5.860374959	b25
25239.18486	B2_noon_132	14.1684611	18.22101263	6.7953842	39.18485793	6.795384203	9.110506316	b215
25396.1009	B2_afternoon_44	0	9.144327867	6.95657305	16.10090092	6.956573055	4.57216393	b219
25402.99021	B2_afternoon_43	3.6905779	15.67631817	3.62331245	22.99020852	3.623312447	7.838159082	b221
26448.12548	B2_morning_45	0	6.803944467	11.32153762	18.12548208	11.32153762	3.401972237	b213
26657.21598	B2_noon_137	0	9.22571	7.990273867	17.21598387	7.990273867	4.612854997	b226
26664.27258	B2_noon_136	7.906756617	9.3927445	6.973076033	24.27257715	6.973076034	4.696372244	b228
26668.08047	B2_noon_135	14.40601365	10.3403825	3.33407495	28.0804711	3.334074948	5.170191251	b219
26676.41869	B2_noon_139	17.68966378	10.44123213	8.287792133	36.41868805	8.287792134	5.220616069	b212
26684.52542	B2_noon_134	25.72863443	10.9388751	7.857915383	44.52542492	7.857915386	5.469437556	b224
26695.49787	B2_noon_138	27.23113148	23.64971177	4.617030317	55.49787357	4.617030318	11.82485588	b215
26836.9449	B2_afternoon_46	0	10.38055447	6.564344183	16.94489865	6.564344176	5.19027724	b29
26846.56384	B2_afternoon_45	6.18230195	11.14463893	9.236896	26.56383688	9.236895999	5.57231946	b221
27885.95684	B2_morning_47	0	8.861267967	7.095575883	15.95684385	7.095575883	4.430633981	b226
27891.31974	B2_morning_46	6.899540317	9.2533391	5.16686115	21.31974057	5.166861154	4.626669558	b215
28086.4352	B2_noon_142	0	0.2036339	6.2315701	6.435204	6.231570092	0.101816946	b224
28093.32453	B2_noon_144	2.782517983	7.101738133	3.4402715	13.32452762	3.440271504	3.550869068	b25
28101.456	B2_noon_143	5.386685567	8.773945967	7.2953663	21.45599783	7.295366299	4.386972979	b212
28109.01747	B2_noon_140	11.85156918	10.43491133	6.73098495	29.01746547	6.730984946	5.217455665	b228
28115.83534	B2_noon_141	17.46113727	12.67774507	5.696453117	35.83533545	5.69645311	6.338872539	b219
28131.82757	B2_noon_145	17.71676542	23.559395	10.55141052	51.82757093	10.55141052	11.77969749	b29
28272.51258	B2_afternoon_47	0	6.506622333	6.005955467	12.5125778	6.005955464	3.253311161	b227
28283.26706	B2_afternoon_48	3.753642417	11.01124843	8.5021706	23.26706145	8.502170607	5.505624217	b221
29319.72075	B2_morning_49	0	5.5239242	4.196829983	9.720754183	4.196829979	2.761962092	b219
29331.56563	B2_morning_48	0	16.06868953	5.4969363	21.56562583	5.496936304	8.034344772	b215
29529.10407	B2_noon_148	0	4.159578467	4.94449555	9.104074017	4.944495548	2.079789238	b226
29544.72327	B2_noon_147	1.552752517	10.94306453	12.22745533	24.72327238	12.22745533	5.471532268	b223
29553.8924	B2_noon_149	13.76458947	10.9743013	9.153507833	33.8923986	9.153507835	5.487150643	b227
29567.34611	B2_noon_146	20.20102618	16.40844353	10.73664418	47.3461139	10.73664419	8.204221768	b212
29716.81996	B2_afternoon_49	0	10.62586287	6.194096433	16.8199593	6.194096431	5.312931429	b228
29727.13904	B2_afternoon_50	1.2270746	20.55990653	5.352060833	27.13904197	5.352060837	10.27995326	b213
30758.65363	B2_morning_51	0	1.129542933	7.52408325	8.653626183	7.524083258	0.56477146	b227
30771.37156	B2_morning_50	3.22692545	9.723858533	8.420780867	21.37156485	8.420780868	4.861929272	b223
30976.20946	B2_noon_152	0	4.4597488	11.74970675	16.20945555	11.74970676	2.229874395	b219
30981.18576	B2_noon_153	10.8068916	6.3453791	4.03349035	21.18576105	4.033490346	3.172689556	b213
30988.92305	B2_noon_151	14.70941427	6.607314467	7.606316433	28.92304517	7.606316431	3.303657237	b27
31000.39279	B2_noon_150	18.15031603	14.9381438	7.304330567	40.3927904	7.304330567	7.469071895	b211
31009.01368	B2_noon_154	25.34084062	15.16575577	8.50708625	49.01368263	8.507086249	7.582877876	b25
31160.02155	B2_afternoon_51	0	11.8394701	8.182076017	20.02154612	8.182076025	5.919735048	b29
32206.74942	B2_morning_53	0	11.80666613	4.9427546	16.74942073	4.942754599	5.903333059	b29
32214.8479	B2_morning_52	3.586565483	14.51904437	6.7422856	24.84789545	6.742285599	7.259522192	b212
32415.17594	B2_noon_158	0	6.904001133	8.2719437	15.17594483	8.271943692	3.452000571	b219
32424.93737	B2_noon_157	7.783354033	7.881180467	9.272837333	24.93737183	9.272837331	3.940590241	b228
32431.76214	B2_noon_155	16.69839965	8.5967639	6.4669738	31.76213735	6.466973795	4.298381947	b25
32440.2093	B2_noon_156	21.61426535	11.6989801	6.896057483	40.20930293	6.896057486	5.849490042	b215
32448.66622	B2_noon_159	26.204824	16.30997777	6.15141795	48.66621972	6.151417953	8.154988876	b221
32453.30392	B2_noon_160	31.9025253	17.21741107	4.18398625	53.30392262	4.183986255	8.608705533	b224
32598.89502	B2_afternoon_52	0	11.07805477	7.816967067	18.89502183	7.816967068	5.539027383	b226
32603.15555	B2_afternoon_53	7.63343285	11.4451232	4.07699155	23.1555476	4.076991553	5.722561601	b223
33642.71684	B2_morning_55	0	3.0977709	9.619068367	12.71683927	9.619068363	1.548885443	b29
33651.01351	B2_morning_54	8.06543405	6.205039533	6.74303435	21.01350793	6.743034345	3.102519766	b224
33858.00825	B2_noon_163	0	7.954637767	10.05361042	18.00824818	10.05361041	3.977318879	b212
33865.77536	B2_noon_161	8.862682683	10.33649323	6.5761804	25.77535632	6.576180398	5.168246613	b211
33872.07213	B2_noon_162	15.16293015	10.8883591	6.0208454	32.07213465	6.0208454	5.444179553	b228
33876.46425	B2_noon_165	20.2213115	12.8132872	3.429651517	36.46425022	3.429651514	6.406643606	b221
33883.87842	B2_noon_164	23.36883377	13.3775457	7.132037917	43.87841738	7.132037913	6.688772844	b223
33890.49392	B2_noon_166	29.918825	14.54163907	6.033455567	50.49391963	6.033455566	7.270819526	b227
34035.80913	B2_afternoon_54	0	8.6462759	7.162857017	15.80913292	7.162857023	4.323137957	b219
35090.48164	B2_morning_56	0	16.7857436	3.695895067	20.48163867	3.695895063	8.392871795	b215
35288.05434	B2_noon_167	0	1.974328367	6.08000945	8.054337817	6.080009448	0.98716419	b224
35298.33112	B2_noon_170	5.493966383	3.1464145	9.69073515	18.33111603	9.690735157	1.573207251	b29
35305.87693	B2_noon_168	14.98170632	3.552404933	7.342822333	25.87693358	7.34282234	1.776202474	b227
35319.33284	B2_noon_169	18.4924468	11.21656863	9.6238201	39.33283553	9.623820094	5.608284325	b221
35324.26169	B2_noon_171	27.16679775	13.11550693	3.979381667	44.26168635	3.979381661	6.557753474	b213
35476.74167	B2_afternoon_55	0	9.015493433	7.726175083	16.74166852	7.726175089	4.507746711	b228
36525.70103	B2_morning_59	0	6.719128067	8.98190435	15.70103242	8.981904349	3.35956403	b215
36531.97104	B2_morning_58	6.815070067	11.05279663	4.103169617	21.97103632	4.103169621	5.526398313	b219
36729.8317	B2_noon_174	0	3.444321767	6.38737785	9.831699617	6.387377847	1.72216088	b223
36745.07733	B2_noon_173	1.383905667	13.45126613	10.24216278	25.07733458	10.24216279	6.725633073	b224
36748.90883	B2_noon_172	11.27594007	14.1515229	3.481365617	28.90882858	3.481365616	7.075761457	b221
36754.80359	B2_noon_175	12.05362187	19.55889053	3.191075467	34.80358787	3.191075466	9.779445269	b29
36923.85025	B2_afternoon_56	0	16.5671895	7.283055833	23.85024533	7.283055829	8.283594751	b211
37961.42235	B2_morning_60	0	8.1738272	3.248524483	11.42235168	3.248524491	4.086913605	b224
38166.67858	B2_noon_177	0	2.385013933	4.293566667	6.6785806	4.293566666	1.192506972	b221
38175.34114	B2_noon_176	2.147639933	6.6768674	6.516627767	15.3411351	6.516627769	3.338433705	b228
38183.67128	B2_noon_180	6.3032623	11.3988782	5.969139067	23.67127957	5.969139068	5.699439106	b213
38189.50175	B2_noon_178	9.827995433	16.28769007	3.386062867	29.50174837	3.386062873	8.143845033	b223
38197.82008	B2_noon_179	8.753924667	25.20795733	3.858202483	37.82008448	3.858202482	12.60397866	b227
38350.61803	B2_afternoon_58	0	1.8601354	8.757892383	10.61802778	8.757892382	0.930067694	b212
39410.83004	B2_morning_61	0	10.0480434	10.78200127	20.83004467	10.78200126	5.024021695	b226
39612.9698	B2_noon_184	0	4.3477966	8.621999233	12.96979583	8.621999228	2.173898294	b223
39623.18439	B2_noon_182	5.705439933	10.1809152	7.298031833	23.18438697	7.298031836	5.090457604	b213
39630.03258	B2_noon_181	12.90154343	10.38477187	6.746262267	30.03257757	6.74626226	5.19238593	b29
39636.97164	B2_noon_183	17.6445772	14.39122887	4.93583265	36.97163872	4.935832644	7.195614437	b25
39799.57148	B2_afternoon_59	0	13.18522617	6.386253767	19.57147993	6.386253764	6.592613086	b212
40845.04785	B2_morning_62	0	9.792807233	5.255045917	15.04785315	5.255045918	4.896403616	b212
40854.5019	B2_morning_63	2.659712683	14.9834737	6.858711033	24.50189742	6.858711039	7.491736853	b25
41050.25271	B2_noon_188	0	2.514146133	7.7385619	10.25270803	7.738561904	1.25707306	b213
41053.82175	B2_noon_189	7.280993917	3.4292821	3.1114735	13.82174952	3.111473507	1.714641056	b219
41064.92276	B2_noon_185	10.37648935	3.461238233	11.08503182	24.9227594	11.08503181	1.730619113	b226
41075.93972	B2_noon_186	18.2529384	9.878403767	7.80838155	35.93972372	7.808381546	4.939201883	b223
41082.30817	B2_noon_187	25.53730837	10.92642693	5.844434483	42.30816978	5.844434488	5.463213466	b227
41246.79667	B2_afternoon_60	0	20.99867893	5.797987167	26.7966661	5.79798716	10.49933946	b221
42292.39792	B2_morning_64	0	18.16840047	4.229524517	22.39792498	4.229524522	9.084200227	b211
42491.66339	B2_noon_190	0	2.762896167	8.900494367	11.66339053	8.90049437	1.381448083	b212
42504.39398	B2_noon_192	7.134473733	6.294937433	10.96456748	24.39397865	10.96456749	3.147468714	b219
42514.94643	B2_noon_191	13.7261077	15.04080447	6.179514417	34.94642658	6.179514418	7.520402235	b221
42521.50522	B2_noon_193	19.892983	15.0660827	6.54615835	41.50522405	6.54615835	7.533041351	b227
42675.87207	B2_afternoon_62	0	8.5346745	7.337393767	15.87206827	7.337393772	4.267337248	b224
42684.78852	B2_afternoon_61	4.4738848	14.26169243	6.052941283	24.78851852	6.052941288	7.130846225	b25
